#
# There is insufficient memory for the Java Runtime Environment to continue.
# Native memory allocation (malloc) failed to allocate 1048576 bytes for AllocateHeap
# Possible reasons:
#   The system is out of physical RAM or swap space
#   In 32 bit mode, the process size limit was hit
# Possible solutions:
#   Reduce memory load on the system
#   Increase physical memory or swap space
#   Check if swap backing store is full
#   Use 64 bit Java on a 64 bit OS
#   Decrease Java heap size (-Xmx/-Xms)
#   Decrease number of Java threads
#   Decrease Java thread stack sizes (-Xss)
#   Set larger code cache with -XX:ReservedCodeCacheSize=
# This output file may be truncated or incomplete.
#
#  Out of Memory Error (memory/allocation.inline.hpp:61), pid=10972, tid=0x00000000000007b4
#
# JRE version:  (8.0_161-b12) (build )
# Java VM: Java HotSpot(TM) 64-Bit Server VM (25.161-b12 mixed mode windows-amd64 compressed oops)
# Failed to write core dump. Minidumps are not enabled by default on client versions of Windows
#

---------------  T H R E A D  ---------------

Current thread (0x00000000024f7800):  JavaThread "Unknown thread" [_thread_in_vm, id=1972, stack(0x00000000021f0000,0x00000000022f0000)]

Stack: [0x00000000021f0000,0x00000000022f0000]
[error occurred during error reporting (printing stack bounds), id 0xc0000005]

Native frames: (J=compiled Java code, j=interpreted, Vv=VM code, C=native code)


---------------  P R O C E S S  ---------------

Java Threads: ( => current thread )

Other Threads:

=>0x00000000024f7800 (exited) JavaThread "Unknown thread" [_thread_in_vm, id=1972, stack(0x00000000021f0000,0x00000000022f0000)]

VM state:not at safepoint (normal execution)

VM Mutex/Monitor currently owned by a thread: None

Heap:
 PSYoungGen      total 38400K, used 665K [0x00000000d5b00000, 0x00000000d8580000, 0x0000000100000000)
  eden space 33280K, 2% used [0x00000000d5b00000,0x00000000d5ba6670,0x00000000d7b80000)
  from space 5120K, 0% used [0x00000000d8080000,0x00000000d8080000,0x00000000d8580000)
  to   space 5120K, 0% used [0x00000000d7b80000,0x00000000d7b80000,0x00000000d8080000)
 ParOldGen       total 87552K, used 0K [0x0000000081000000, 0x0000000086580000, 0x00000000d5b00000)
  object space 87552K, 0% used [0x0000000081000000,0x0000000081000000,0x0000000086580000)
 Metaspace       used 770K, capacity 4480K, committed 4480K, reserved 1056768K
  class space    used 75K, capacity 384K, committed 384K, reserved 1048576K

Card table byte_map: [0x00000000119b0000,0x0000000011db0000] byte_map_base: 0x00000000115a8000

Marking Bits: (ParMarkBitMap*) 0x000000005114f860
 Begin Bits: [0x0000000012460000, 0x0000000014420000)
 End Bits:   [0x0000000014420000, 0x00000000163e0000)

Polling page: 0x0000000000810000

CodeCache: size=245760Kb used=328Kb max_used=328Kb free=245431Kb
 bounds [0x00000000025f0000, 0x0000000002860000, 0x00000000115f0000]
 total_blobs=58 nmethods=0 adapters=38
 compilation: enabled

Compilation events (0 events):
No events

GC Heap History (0 events):
No events

Deoptimization events (0 events):
No events

Classes redefined (0 events):
No events

Internal exceptions (0 events):
No events

Events (10 events):
Event: 0.031 loading class java/lang/Short
Event: 0.031 loading class java/lang/Short done
Event: 0.031 loading class java/lang/Integer
Event: 0.031 loading class java/lang/Integer done
Event: 0.031 loading class java/lang/Long
Event: 0.031 loading class java/lang/Long done
Event: 0.032 loading class java/lang/NullPointerException
Event: 0.032 loading class java/lang/NullPointerException done
Event: 0.032 loading class java/lang/ArithmeticException
Event: 0.032 loading class java/lang/ArithmeticException done


Dynamic libraries:
0x00007ff61b580000 - 0x00007ff61b5b7000 	C:\Program Files\Java\jdk1.8.0_161\bin\java.exe
0x00007ffc3ebb0000 - 0x00007ffc3ed9d000 	C:\Windows\SYSTEM32\ntdll.dll
0x00007ffc3d5d0000 - 0x00007ffc3d683000 	C:\Windows\System32\KERNEL32.DLL
0x00007ffc3ae70000 - 0x00007ffc3b103000 	C:\Windows\System32\KERNELBASE.dll
0x00007ffc3cea0000 - 0x00007ffc3cf43000 	C:\Windows\System32\ADVAPI32.dll
0x00007ffc3c850000 - 0x00007ffc3c8ee000 	C:\Windows\System32\msvcrt.dll
0x00007ffc3bfe0000 - 0x00007ffc3c07e000 	C:\Windows\System32\sechost.dll
0x00007ffc3cb00000 - 0x00007ffc3cc22000 	C:\Windows\System32\RPCRT4.dll
0x00007ffc3cd00000 - 0x00007ffc3ce97000 	C:\Windows\System32\USER32.dll
0x00007ffc3b1b0000 - 0x00007ffc3b1d0000 	C:\Windows\System32\win32u.dll
0x00007ffc3c560000 - 0x00007ffc3c589000 	C:\Windows\System32\GDI32.dll
0x00007ffc3ac80000 - 0x00007ffc3ae1a000 	C:\Windows\System32\gdi32full.dll
0x00007ffc3b1d0000 - 0x00007ffc3b270000 	C:\Windows\System32\msvcp_win.dll
0x00007ffc3bc50000 - 0x00007ffc3bd4a000 	C:\Windows\System32\ucrtbase.dll
0x00007ffc2a0a0000 - 0x00007ffc2a319000 	C:\Windows\WinSxS\amd64_microsoft.windows.common-controls_6595b64144ccf1df_6.0.17763.557_none_05b63f68071e5b9f\COMCTL32.dll
0x00007ffc3d150000 - 0x00007ffc3d47c000 	C:\Windows\System32\combase.dll
0x00007ffc3b130000 - 0x00007ffc3b1ae000 	C:\Windows\System32\bcryptPrimitives.dll
0x00007ffc3bf50000 - 0x00007ffc3bf7e000 	C:\Windows\System32\IMM32.DLL
0x00000000511d0000 - 0x00000000512a2000 	C:\Program Files\Java\jdk1.8.0_161\jre\bin\msvcr100.dll
0x0000000050930000 - 0x00000000511cf000 	C:\Program Files\Java\jdk1.8.0_161\jre\bin\server\jvm.dll
0x00007ffc3c830000 - 0x00007ffc3c838000 	C:\Windows\System32\PSAPI.DLL
0x00007ffc26e90000 - 0x00007ffc26e99000 	C:\Windows\SYSTEM32\WSOCK32.dll
0x00007ffc381b0000 - 0x00007ffc381d4000 	C:\Windows\SYSTEM32\WINMM.dll
0x00007ffc3d560000 - 0x00007ffc3d5cd000 	C:\Windows\System32\WS2_32.dll
0x00007ffc35290000 - 0x00007ffc3529a000 	C:\Windows\SYSTEM32\VERSION.dll
0x00007ffc37fb0000 - 0x00007ffc37fdd000 	C:\Windows\SYSTEM32\WINMMBASE.dll
0x00007ffc3ae20000 - 0x00007ffc3ae6a000 	C:\Windows\System32\cfgmgr32.dll
0x0000000050920000 - 0x000000005092f000 	C:\Program Files\Java\jdk1.8.0_161\jre\bin\verify.dll
0x00000000508f0000 - 0x0000000050919000 	C:\Program Files\Java\jdk1.8.0_161\jre\bin\java.dll
0x0000000050770000 - 0x0000000050793000 	C:\Program Files\Java\jdk1.8.0_161\jre\bin\instrument.dll
0x00000000508d0000 - 0x00000000508e6000 	C:\Program Files\Java\jdk1.8.0_161\jre\bin\zip.dll

VM Arguments:
jvm_args: -XX:TieredStopAtLevel=1 -Xverify:none -Dspring.output.ansi.enabled=always -Dcom.sun.management.jmxremote -Dcom.sun.management.jmxremote.port=65391 -Dcom.sun.management.jmxremote.authenticate=false -Dcom.sun.management.jmxremote.ssl=false -Djava.rmi.server.hostname=localhost -Dspring.liveBeansView.mbeanDomain -Dspring.application.admin.enabled=true -javaagent:C:\Program Files\JetBrains\IntelliJ IDEA 2018.3.3\lib\idea_rt.jar=65392:C:\Program Files\JetBrains\IntelliJ IDEA 2018.3.3\bin -Dfile.encoding=UTF-8 
java_command: net.ukr.Application
java_class_path (initial): C:\Program Files\Java\jdk1.8.0_161\jre\lib\charsets.jar;C:\Program Files\Java\jdk1.8.0_161\jre\lib\deploy.jar;C:\Program Files\Java\jdk1.8.0_161\jre\lib\ext\access-bridge-64.jar;C:\Program Files\Java\jdk1.8.0_161\jre\lib\ext\cldrdata.jar;C:\Program Files\Java\jdk1.8.0_161\jre\lib\ext\dnsns.jar;C:\Program Files\Java\jdk1.8.0_161\jre\lib\ext\jaccess.jar;C:\Program Files\Java\jdk1.8.0_161\jre\lib\ext\jfxrt.jar;C:\Program Files\Java\jdk1.8.0_161\jre\lib\ext\localedata.jar;C:\Program Files\Java\jdk1.8.0_161\jre\lib\ext\nashorn.jar;C:\Program Files\Java\jdk1.8.0_161\jre\lib\ext\sunec.jar;C:\Program Files\Java\jdk1.8.0_161\jre\lib\ext\sunjce_provider.jar;C:\Program Files\Java\jdk1.8.0_161\jre\lib\ext\sunmscapi.jar;C:\Program Files\Java\jdk1.8.0_161\jre\lib\ext\sunpkcs11.jar;C:\Program Files\Java\jdk1.8.0_161\jre\lib\ext\zipfs.jar;C:\Program Files\Java\jdk1.8.0_161\jre\lib\javaws.jar;C:\Program Files\Java\jdk1.8.0_161\jre\lib\jce.jar;C:\Program Files\Java\jdk1.8.0_161\jre\lib\jfr.jar;C:\Program Files\Java\jdk1.8.0_161\jre\lib\jfxswt.jar;C:\Program Files\Java\jdk1.8.0_161\jre\lib\jsse.jar;C:\Program Files\Java\jdk1.8.0_161\jre\lib\management-agent.jar;C:\Program Files\Java\jdk1.8.0_161\jre\lib\plugin.jar;C:\Program Files\Java\jdk1.8.0_161\jre\lib\resources.jar;C:\Program Files\Java\jdk1.8.0_161\jre\lib\rt.jar;C:\Users\Максим158\Desktop\DoDoPlan-master\target\classes;C:\Users\Максим158\.m2\repository\org\springframework\boot\spring-boot-starter-web\2.0.1.RELEASE\spring-boot-starter-web-2.0.1.RELEASE.jar;C:\Users\Максим158\.m2\repository\org\springframework\boot\spring-boot-starter\2.0.1.RELEASE\spring-boot-starter-2.0.1.RELEASE.jar;C:\Users\Максим158\.m2\repository\org\springframework\boot\spring-boot-starter-logging\2.0.1.RELEASE\spring-boot-starter-logging-2.0.1.RELEASE.jar;C:\Users\Максим158\.m2\repository\ch\qos\logback\logback-classic\1.2.3\logback-classic-1.2.3.jar;C:\Users\Максим158\.m2\repository\ch\qos\logback\logback-core\1.2.3\logback-c
Launcher Type: SUN_STANDARD

Environment Variables:
JAVA_HOME=C:\Program Files\Java\jdk1.8.0_161
PATH=C:\Program Files (x86)\Common Files\Oracle\Java\javapath;C:\Windows\system32;C:\Windows;C:\Windows\System32\Wbem;C:\Windows\System32\WindowsPowerShell\v1.0\;C:\Windows\System32\OpenSSH\;%JAVA_HOME%\bin;C:\Drive158\Maven\apache-maven-3.5.4\bin;C:\Program Files\nodejs\;C:\Program Files\Git\cmd;C:\Program Files\Git\mingw64\bin;C:\Program Files\Git\usr\bin;C:\Users\Максим158\AppData\Local\Microsoft\WindowsApps;;C:\Program Files\JetBrains\IntelliJ IDEA 2018.3.3\bin;;C:\Users\Максим158\AppData\Roaming\npm
USERNAME=Максим158
OS=Windows_NT
PROCESSOR_IDENTIFIER=Intel64 Family 6 Model 58 Stepping 9, GenuineIntel



---------------  S Y S T E M  ---------------

OS: Windows 10.0 , 64 bit Build 17763 (10.0.17763.475)

CPU:total 4 (initial active 4) (2 cores per cpu, 2 threads per core) family 6 model 58 stepping 9, cmov, cx8, fxsr, mmx, sse, sse2, sse3, ssse3, sse4.1, sse4.2, popcnt, avx, aes, clmul, erms, ht, tsc, tscinvbit, tscinv

Memory: 4k page, physical 8318428k(2843748k free), swap 9137628k(5812k free)

vm_info: Java HotSpot(TM) 64-Bit Server VM (25.161-b12) for windows-amd64 JRE (1.8.0_161-b12), built on Dec 19 2017 17:52:25 by "java_re" with MS VC++ 10.0 (VS2010)

time: Thu Jun 20 13:35:28 2019
elapsed time: 0 seconds (0d 0h 0m 0s)

